#
# There is insufficient memory for the Java Runtime Environment to continue.
# Native memory allocation (mmap) failed to map 268435456 bytes for G1 virtual space
# Possible reasons:
#   The system is out of physical RAM or swap space
#   The process is running with CompressedOops enabled, and the Java Heap may be blocking the growth of the native heap
# Possible solutions:
#   Reduce memory load on the system
#   Increase physical memory or swap space
#   Check if swap backing store is full
#   Decrease Java heap size (-Xmx/-Xms)
#   Decrease number of Java threads
#   Decrease Java thread stack sizes (-Xss)
#   Set larger code cache with -XX:ReservedCodeCacheSize=
#   JVM is running with Zero Based Compressed Oops mode in which the Java heap is
#     placed in the first 32GB address space. The Java Heap base address is the
#     maximum limit for the native heap growth. Please use -XX:HeapBaseMinAddress
#     to set the Java Heap base and to place the Java Heap above 32GB virtual address.
# This output file may be truncated or incomplete.
#
#  Out of Memory Error (os_windows.cpp:3548), pid=20308, tid=24560
#
# JRE version:  (17.0.12+8) (build )
# Java VM: Java HotSpot(TM) 64-Bit Server VM (17.0.12+8-LTS-286, mixed mode, emulated-client, sharing, tiered, compressed oops, compressed class ptrs, g1 gc, windows-amd64)
# No core dump will be written. Minidumps are not enabled by default on client versions of Windows
#

---------------  S U M M A R Y ------------

Command Line: -XX:TieredStopAtLevel=1 -Dfile.encoding=windows-1252 -Duser.country=US -Duser.language=en -Duser.variant com.reservationmicroservice.reservationmicroservice.ReservationmicroserviceApplication

Host: Intel(R) Core(TM) i7-5500U CPU @ 2.40GHz, 4 cores, 15G,  Windows 10 , 64 bit Build 19041 (10.0.19041.5915)
Time: Mon Sep 29 15:29:37 2025 Jerusalem Daylight Time elapsed time: 0.031307 seconds (0d 0h 0m 0s)

---------------  T H R E A D  ---------------

Current thread (0x00000287c664f5c0):  JavaThread "Unknown thread" [_thread_in_vm, id=24560, stack(0x000000abc6400000,0x000000abc6500000)]

Stack: [0x000000abc6400000,0x000000abc6500000]
Native frames: (J=compiled Java code, j=interpreted, Vv=VM code, C=native code)
V  [jvm.dll+0x67a04a]
V  [jvm.dll+0x7da4ed]
V  [jvm.dll+0x7dbe33]
V  [jvm.dll+0x7dc4a3]
V  [jvm.dll+0x24508f]
V  [jvm.dll+0x677089]
V  [jvm.dll+0x66bd32]
V  [jvm.dll+0x301fa6]
V  [jvm.dll+0x309546]
V  [jvm.dll+0x359d2e]
V  [jvm.dll+0x359f5f]
V  [jvm.dll+0x2d9078]
V  [jvm.dll+0x2d9fe4]
V  [jvm.dll+0x7aca21]
V  [jvm.dll+0x367591]
V  [jvm.dll+0x78b999]
V  [jvm.dll+0x3ec83f]
V  [jvm.dll+0x3ee471]
C  [jli.dll+0x5297]
C  [ucrtbase.dll+0x21bb2]
C  [KERNEL32.DLL+0x17374]
C  [ntdll.dll+0x4cc91]


---------------  P R O C E S S  ---------------

Threads class SMR info:
_java_thread_list=0x00007fff4d157a18, length=0, elements={
}

Java Threads: ( => current thread )

Other Threads:
  0x00000287c66b8c30 GCTaskThread "GC Thread#0" [stack: 0x000000abc6500000,0x000000abc6600000] [id=24448]
  0x00000287c66ca8f0 ConcurrentGCThread "G1 Main Marker" [stack: 0x000000abc6600000,0x000000abc6700000] [id=2208]
  0x00000287c66cc220 ConcurrentGCThread "G1 Conc#0" [stack: 0x000000abc6700000,0x000000abc6800000] [id=16704]

[error occurred during error reporting (printing all threads), id 0xc0000005, EXCEPTION_ACCESS_VIOLATION (0xc0000005) at pc=0x00007fff4c989b67]

VM state: not at safepoint (not fully initialized)

VM Mutex/Monitor currently owned by a thread:  ([mutex/lock_event])
[0x00000287c664ab10] Heap_lock - owner thread: 0x00000287c664f5c0

Heap address: 0x0000000701a00000, size: 4070 MB, Compressed Oops mode: Zero based, Oop shift amount: 3

CDS archive(s) mapped at: [0x0000000000000000-0x0000000000000000-0x0000000000000000), size 0, SharedBaseAddress: 0x0000000800000000, ArchiveRelocationMode: 1.
Narrow klass base: 0x0000000000000000, Narrow klass shift: 0, Narrow klass range: 0x0

GC Precious Log:
<Empty>

Heap:
 garbage-first heap   total 0K, used 0K [0x0000000701a00000, 0x0000000800000000)
  region size 2048K, 0 young (0K), 0 survivors (0K)

[error occurred during error reporting (printing heap information), id 0xc0000005, EXCEPTION_ACCESS_VIOLATION (0xc0000005) at pc=0x00007fff4cd73859]

GC Heap History (0 events):
No events

Deoptimization events (0 events):
No events

Classes unloaded (0 events):
No events

Classes redefined (0 events):
No events

Internal exceptions (0 events):
No events

VM Operations (0 events):
No events

Events (1 events):
Event: 0.015 Loaded shared library C:\Program Files\Java\jdk-17\bin\java.dll


Dynamic libraries:
0x00007ff7b4860000 - 0x00007ff7b4870000 	C:\Program Files\Java\jdk-17\bin\java.exe
0x00007fffc91d0000 - 0x00007fffc93c8000 	C:\Windows\SYSTEM32\ntdll.dll
0x00007fffc79f0000 - 0x00007fffc7ab2000 	C:\Windows\System32\KERNEL32.DLL
0x00007fffc6c80000 - 0x00007fffc6f76000 	C:\Windows\System32\KERNELBASE.dll
0x00007fffc6950000 - 0x00007fffc6a50000 	C:\Windows\System32\ucrtbase.dll
0x00007fffbfd30000 - 0x00007fffbfd4b000 	C:\Program Files\Java\jdk-17\bin\VCRUNTIME140.dll
0x00007fffbd8b0000 - 0x00007fffbd8c9000 	C:\Program Files\Java\jdk-17\bin\jli.dll
0x00007fffc7380000 - 0x00007fffc7431000 	C:\Windows\System32\ADVAPI32.dll
0x00007fffc7e80000 - 0x00007fffc7f1e000 	C:\Windows\System32\msvcrt.dll
0x00007fffc7200000 - 0x00007fffc729f000 	C:\Windows\System32\sechost.dll
0x00007fffc7b30000 - 0x00007fffc7c50000 	C:\Windows\System32\RPCRT4.dll
0x00007fffc6a50000 - 0x00007fffc6a77000 	C:\Windows\System32\bcrypt.dll
0x00007fffc74d0000 - 0x00007fffc766d000 	C:\Windows\System32\USER32.dll
0x00007fffc6f80000 - 0x00007fffc6fa2000 	C:\Windows\System32\win32u.dll
0x00007fffc7870000 - 0x00007fffc789b000 	C:\Windows\System32\GDI32.dll
0x00007fffba5d0000 - 0x00007fffba86b000 	C:\Windows\WinSxS\amd64_microsoft.windows.common-controls_6595b64144ccf1df_6.0.19041.6280_none_60bc30a171f2f3f3\COMCTL32.dll
0x00007fffc6fb0000 - 0x00007fffc70c9000 	C:\Windows\System32\gdi32full.dll
0x00007fffc6be0000 - 0x00007fffc6c7d000 	C:\Windows\System32\msvcp_win.dll
0x00007fffb67a0000 - 0x00007fffb67aa000 	C:\Windows\SYSTEM32\VERSION.dll
0x00007fffc7440000 - 0x00007fffc746f000 	C:\Windows\System32\IMM32.DLL
0x00007fffc0050000 - 0x00007fffc005c000 	C:\Program Files\Java\jdk-17\bin\vcruntime140_1.dll
0x00007fffafd70000 - 0x00007fffafdfe000 	C:\Program Files\Java\jdk-17\bin\msvcp140.dll
0x00007fff4c6a0000 - 0x00007fff4d280000 	C:\Program Files\Java\jdk-17\bin\server\jvm.dll
0x00007fffc7ac0000 - 0x00007fffc7ac8000 	C:\Windows\System32\PSAPI.DLL
0x00007fffc0060000 - 0x00007fffc0069000 	C:\Windows\SYSTEM32\WSOCK32.dll
0x00007fffc80c0000 - 0x00007fffc812b000 	C:\Windows\System32\WS2_32.dll
0x00007fffc0a90000 - 0x00007fffc0ab7000 	C:\Windows\SYSTEM32\WINMM.dll
0x00007fffc46b0000 - 0x00007fffc46c2000 	C:\Windows\SYSTEM32\kernel.appcore.dll
0x00007fff62470000 - 0x00007fff6247a000 	C:\Program Files\Java\jdk-17\bin\jimage.dll
0x00007fffbc250000 - 0x00007fffbc451000 	C:\Windows\SYSTEM32\DBGHELP.DLL
0x00007fffba870000 - 0x00007fffba8a4000 	C:\Windows\SYSTEM32\dbgcore.DLL
0x00007fffc68c0000 - 0x00007fffc6942000 	C:\Windows\System32\bcryptPrimitives.dll
0x00007fff62480000 - 0x00007fff624a5000 	C:\Program Files\Java\jdk-17\bin\java.dll

dbghelp: loaded successfully - version: 4.0.5 - missing functions: none
symbol engine: initialized successfully - sym options: 0x614 - pdb path: .;C:\Program Files\Java\jdk-17\bin;C:\Windows\SYSTEM32;C:\Windows\WinSxS\amd64_microsoft.windows.common-controls_6595b64144ccf1df_6.0.19041.6280_none_60bc30a171f2f3f3;C:\Program Files\Java\jdk-17\bin\server

VM Arguments:
jvm_args: -XX:TieredStopAtLevel=1 -Dfile.encoding=windows-1252 -Duser.country=US -Duser.language=en -Duser.variant 
java_command: com.reservationmicroservice.reservationmicroservice.ReservationmicroserviceApplication
java_class_path (initial): C:\Users\Rania\Desktop\CarGo\reservationmicroservice\build\classes\java\main;C:\Users\Rania\Desktop\CarGo\reservationmicroservice\build\resources\main;C:\Users\Rania\.gradle\caches\modules-2\files-2.1\org.springframework.boot\spring-boot-devtools\3.5.6\cef8469fb0f018e4180f9244ffb8e6076621987e\spring-boot-devtools-3.5.6.jar;C:\Users\Rania\.gradle\caches\modules-2\files-2.1\org.springframework.cloud\spring-cloud-starter-netflix-eureka-client\4.3.0\50528e321d9be9a89f542f62605cfad2f3b1eab8\spring-cloud-starter-netflix-eureka-client-4.3.0.jar;C:\Users\Rania\.gradle\caches\modules-2\files-2.1\org.springframework.cloud\spring-cloud-starter-loadbalancer\4.3.0\4567330739fc9c8d87dac64a2775e77343423d9f\spring-cloud-starter-loadbalancer-4.3.0.jar;C:\Users\Rania\.gradle\caches\modules-2\files-2.1\com.mysql\mysql-connector-j\9.4.0\8f6c66269048fbd2316b7b45d75898ebee44986f\mysql-connector-j-9.4.0.jar;C:\Users\Rania\.gradle\caches\modules-2\files-2.1\org.springframework.cloud\spring-cloud-starter\4.3.0\8e794c3b8438450bf8d7cfbb936bb05344a54397\spring-cloud-starter-4.3.0.jar;C:\Users\Rania\.gradle\caches\modules-2\files-2.1\org.springframework.boot\spring-boot-autoconfigure\3.5.6\6b8fc2519774de4e82b0dbb5651093ce2ca20836\spring-boot-autoconfigure-3.5.6.jar;C:\Users\Rania\.gradle\caches\modules-2\files-2.1\org.springframework.boot\spring-boot\3.5.6\a02f486ab700dad1f81e54cb37651d92a3f9d700\spring-boot-3.5.6.jar;C:\Users\Rania\.gradle\caches\modules-2\files-2.1\org.hibernate.orm\hibernate-core\6.6.29.Final\d12db68bb867e2fe6e68740b3fba3d1d633f77ff\hibernate-core-6.6.29.Final.jar;C:\Users\Rania\.gradle\caches\modules-2\files-2.1\org.springframework.data\spring-data-jpa\3.5.4\abd37141d1bd52283aac0d962d6efa1d4d72424b\spring-data-jpa-3.5.4.jar;C:\Users\Rania\.gradle\caches\modules-2\files-2.1\org.springframework\spring-aspects\6.2.11\e02d582f1595b101c7fa53778e91ddb71d62974e\spring-aspects-6.2.11.jar;C:\Users\Rania\.gradle\caches\modules-2\files-2.1\org.springframew
Launcher Type: SUN_STANDARD

[Global flags]
     intx CICompilerCount                          = 3                                         {product} {ergonomic}
     uint ConcGCThreads                            = 1                                         {product} {ergonomic}
     uint G1ConcRefinementThreads                  = 4                                         {product} {ergonomic}
   size_t G1HeapRegionSize                         = 2097152                                   {product} {ergonomic}
    uintx GCDrainStackTargetSize                   = 64                                        {product} {ergonomic}
   size_t InitialHeapSize                          = 268435456                                 {product} {ergonomic}
   size_t MarkStackSize                            = 4194304                                   {product} {ergonomic}
   size_t MaxHeapSize                              = 4267704320                                {product} {ergonomic}
   size_t MinHeapDeltaBytes                        = 2097152                                   {product} {ergonomic}
   size_t MinHeapSize                              = 8388608                                   {product} {ergonomic}
    uintx NonProfiledCodeHeapSize                  = 0                                      {pd product} {ergonomic}
     bool ProfileInterpreter                       = false                                  {pd product} {command line}
    uintx ProfiledCodeHeapSize                     = 0                                      {pd product} {ergonomic}
   size_t SoftMaxHeapSize                          = 4267704320                             {manageable} {ergonomic}
     intx TieredStopAtLevel                        = 1                                         {product} {command line}
     bool UseCompressedClassPointers               = true                           {product lp64_product} {ergonomic}
     bool UseCompressedOops                        = true                           {product lp64_product} {ergonomic}
     bool UseG1GC                                  = true                                      {product} {ergonomic}
     bool UseLargePagesIndividualAllocation        = false                                  {pd product} {ergonomic}

Logging:
Log output configuration:
 #0: stdout all=warning uptime,level,tags
 #1: stderr all=off uptime,level,tags

Environment Variables:
JAVA_HOME=C:\Program Files\Java\jdk-17
PATH=C:\Program Files\Common Files\Oracle\Java\javapath;C:\ProgramData\Oracle\Java\javapath;C:\Windows\system32;C:\Windows;C:\Windows\System32\Wbem;C:\Windows\System32\WindowsPowerShell\v1.0\;C:\Windows\System32\OpenSSH\;E:\Wamp\bin\php\php8.2.0;C:\ProgramData\ComposerSetup\bin;E:\nodejs\;E:\xampp\php;C:\xampp\php;C:\Program Files\Git\cmd;C:\Program Files\Docker\Docker\resources\bin;C:\Users\Rania\AppData\Local\Microsoft\WindowsApps;C:\Users\Rania\AppData\Roaming\npm;C:\Users\Rania\AppData\Roaming\Composer\vendor\bin;E:\xampp\php;C:\Users\Rania\AppData\Local\GitHubDesktop\bin;C:\Users\Rania\AppData\Local\Programs\Microsoft VS Code\bin
USERNAME=Rania
OS=Windows_NT
PROCESSOR_IDENTIFIER=Intel64 Family 6 Model 61 Stepping 4, GenuineIntel



---------------  S Y S T E M  ---------------

OS:
 Windows 10 , 64 bit Build 19041 (10.0.19041.5915)
OS uptime: 0 days 5:41 hours
Hyper-V role detected

CPU: total 4 (initial active 4) (2 cores per cpu, 2 threads per core) family 6 model 61 stepping 4 microcode 0x2d, cx8, cmov, fxsr, ht, mmx, 3dnowpref, sse, sse2, sse3, ssse3, sse4.1, sse4.2, popcnt, lzcnt, tsc, tscinvbit, avx, avx2, aes, erms, clmul, bmi1, bmi2, adx, fma, vzeroupper, clflush, hv

Memory: 4k page, system-wide physical 16275M (1729M free)
TotalPageFile size 20730M (AvailPageFile size 227M)
current process WorkingSet (physical memory assigned to process): 10M, peak: 10M
current process commit charge ("private bytes"): 47M, peak: 303M

vm_info: Java HotSpot(TM) 64-Bit Server VM (17.0.12+8-LTS-286) for windows-amd64 JRE (17.0.12+8-LTS-286), built on Jun  5 2024 06:46:59 by "mach5one" with MS VC++ 17.6 (VS2022)

END.
